2019-01-20 21:28:50,146 - F:/git/PycharmProjects/python-learning/venv/Include/wxpy/wx-bot.py[line:20] - INFO: 静心红叶 : (Picture)
2019-01-20 21:28:59,162 - F:/git/PycharmProjects/python-learning/venv/Include/wxpy/wx-bot.py[line:20] - INFO: 静心红叶 : 公积金 (Text)
2019-01-20 21:30:21,869 - F:/git/PycharmProjects/python-learning/venv/Include/wxpy/wx-bot.py[line:19] - INFO: 静心红叶 : 哦哦哦 (Text)
2019-01-20 21:30:21,989 - F:/git/PycharmProjects/python-learning/venv/Include/wxpy/wx-bot.py[line:24] - INFO: 回复消息:这话我接不了呢
2019-01-20 21:30:34,442 - F:/git/PycharmProjects/python-learning/venv/Include/wxpy/wx-bot.py[line:19] - INFO: 静心红叶 : 说话 (Text)
2019-01-20 21:30:34,474 - F:/git/PycharmProjects/python-learning/venv/Include/wxpy/wx-bot.py[line:24] - INFO: 回复消息:聊点别的吧
2019-01-20 21:30:36,832 - F:/git/PycharmProjects/python-learning/venv/Include/wxpy/wx-bot.py[line:19] - INFO: 静心红叶 : 你仔细 (Text)
2019-01-20 21:30:36,853 - F:/git/PycharmProjects/python-learning/venv/Include/wxpy/wx-bot.py[line:24] - INFO: 回复消息:换个话题吧
2019-01-20 21:30:48,567 - F:/git/PycharmProjects/python-learning/venv/Include/wxpy/wx-bot.py[line:19] - INFO: 静心红叶 : (Picture)
2019-01-20 21:32:22,162 - F:/git/PycharmProjects/python-learning/venv/Include/wxpy/wx-bot.py[line:128] - INFO: ----微信机器人启动成功----
2019-01-20 21:32:28,904 - F:/git/PycharmProjects/python-learning/venv/Include/wxpy/wx-bot.py[line:19] - INFO: 静心红叶 : (Picture)
2019-01-20 21:32:33,652 - F:/git/PycharmProjects/python-learning/venv/Include/wxpy/wx-bot.py[line:19] - INFO: 静心红叶 : 说哈 (Text)
2019-01-20 21:32:33,714 - F:/git/PycharmProjects/python-learning/venv/Include/wxpy/wx-bot.py[line:24] - INFO: 回复消息:聊点别的吧
2019-01-20 21:50:55,426 - F:/git/PycharmProjects/python-learning/venv/Include/wxpy/wx-bot.py[line:131] - INFO: ----微信机器人启动成功----
2019-01-20 21:50:55,427 - F:/git/PycharmProjects/python-learning/venv/Include/wxpy/wx-bot.py[line:132] - INFO: ***开始启动定时任务***
2019-01-20 21:51:00,833 - F:/git/PycharmProjects/python-learning/venv/Include/wxpy/wx-bot.py[line:22] - INFO: 静心红叶 : (Picture)
2019-01-20 21:51:04,319 - F:/git/PycharmProjects/python-learning/venv/Include/wxpy/wx-bot.py[line:22] - INFO: 静心红叶 : (Picture)
2019-01-20 21:51:04,557 - F:/git/PycharmProjects/python-learning/venv/Include/wxpy/wx-bot.py[line:22] - INFO: 静心红叶 : (Picture)
2019-01-20 21:51:06,036 - F:/git/PycharmProjects/python-learning/venv/Include/wxpy/wx-bot.py[line:22] - INFO: 静心红叶 : (Picture)
2019-01-20 21:51:06,672 - F:/git/PycharmProjects/python-learning/venv/Include/wxpy/wx-bot.py[line:22] - INFO: 静心红叶 : (Picture)
2019-01-20 21:53:26,636 - F:/git/PycharmProjects/python-learning/venv/Include/wxpy/wx-bot.py[line:22] - INFO: None : <mmreader><category type="20" count="4"><name><![CDATA[腾讯新闻]]></name> ↩ <topnew> ↩ <cover><![CDATA[https://inews.gtimg.com/newsapp_ls/0/7369566264_640320/0]]></cover> ↩ <width>640</width> ↩ <height>320</height> ↩ <digest><![CDATA[快下载腾讯视频app吧！]]></digest> ↩ </topnew> ↩ <item> ↩ <title><![CDATA[十强诞生夜：欧阳娜娜用大提琴混搭电音，范丞丞超燃舞蹈惊艳全场]]></title> ↩ <url><![CDATA[https://view.inews.qq.com/w/WXN20190119005763010?refer=nwx&bat_id=1118025325&cur_pos=0&openid=o04IBAHv91w1VdwqEV_Q00vhY1Ug&groupid=1547991014&msgid=0]]></url> ↩ <shorturl><![CDATA[https://view.inews.qq.com/w/WXN20190119005763010?refer=nwx&bat_id=1118025325]]></shorturl> ↩ <longurl><![CDATA[https://view.inews.qq.com/w/WXN20190119005763010?refer=nwx&bat_id=1118025325&cur_pos=0&openid=o04IBAHv91w1VdwqEV_Q00vhY1Ug&groupid=1547991014&msgid=0]]></longurl> ↩ <pub_time>1547991014</pub_time> ↩ <cover><![CDATA[https://inews.gtimg.com/newsapp_ls/0/7369566264_640320/0]]></cover> ↩ <tweetid>1802787441</tweetid> ↩ <digest><![CDATA[快下载腾讯视频app吧！]]></digest> ↩ <sources> ↩ <source> ↩ <name><![CDATA[腾讯新闻]]></name> ↩ </source> ↩ </sources> ↩ </item> ↩ <newitem> ↩ <title><![CDATA[十强诞生夜：欧阳娜娜用大提琴混搭电音，范丞丞超燃舞蹈惊艳全场]]></title> ↩ <url><![CDATA[https://view.inews.qq.com/w/WXN20190119005763010?refer=nwx&bat_id=1118025325&cur_pos=0&openid=o04IBAHv91w1VdwqEV_Q00vhY1Ug&groupid=1547991014&msgid=0]]></url> ↩ <shorturl><![CDATA[https://view.inews.qq.com/w/WXN20190119005763010?refer=nwx&bat_id=1118025325]]></shorturl> ↩ <longurl><![CDATA[https://view.inews.qq.com/w/WXN20190119005763010?refer=nwx&bat_id=1118025325&cur_pos=0&openid=o04IBAHv91w1VdwqEV_Q00vhY1Ug&groupid=1547991014&msgid=0]]></longurl> ↩ <pub_time>1547991014</pub_time> ↩ <cover><![CDATA[https://inews.gtimg.com/newsapp_ls/0/7369566264_640320/0]]></cover> ↩ <tweetid>1802787441</tweetid> ↩ <digest><![CDATA[快下载腾讯视频app吧！]]></digest> ↩ <sources> ↩ <source> ↩ <name><![CDATA[腾讯新闻]]></name> ↩ </source> ↩ </sources> ↩ </newitem> ↩ <newitem> ↩ <title><![CDATA[张继科魏大勋选电竞《终极高手》，千玺为萌娃做爱心早餐]]></title> ↩ <url><![CDATA[https://view.inews.qq.com/w/WXN20190119005643010?refer=nwx&bat_id=1118025325&cur_pos=1&openid=o04IBAHv91w1VdwqEV_Q00vhY1Ug&groupid=1547991014&msgid=1]]></url> ↩ <shorturl><![CDATA[https://view.inews.qq.com/w/WXN20190119005643010?refer=nwx&bat_id=1118025325]]></shorturl> ↩ <longurl><![CDATA[https://view.inews.qq.com/w/WXN20190119005643010?refer=nwx&bat_id=1118025325&cur_pos=1&openid=o04IBAHv91w1VdwqEV_Q00vhY1Ug&groupid=1547991014&msgid=1]]></longurl> ↩ <pub_time>1547991014</pub_time> ↩ <cover><![CDATA[https://inews.gtimg.com/newsapp_ls/0/7358364663_8080/0]]></cover> ↩ <tweetid>1802787442</tweetid> ↩ <digest><![CDATA[快下载腾讯视频app吧！]]></digest> ↩ <sources> ↩ <source> ↩ <name><![CDATA[腾讯新闻]]></name> ↩ </source> ↩ </sources> ↩ </newitem> ↩ <newitem> ↩ <title><![CDATA[12岁少年原创摇滚版《将进酒》，高音一起整个世界都亮了]]></title> ↩ <url><![CDATA[https://view.inews.qq.com/w/WXN20190119005764010?refer=nwx&bat_id=1118025325&cur_pos=2&openid=o04IBAHv91w1VdwqEV_Q00vhY1Ug&groupid=1547991014&msgid=2]]></url> ↩ <shorturl><![CDATA[https://view.inews.qq.com/w/WXN20190119005764010?refer=nwx&bat_id=1118025325]]></shorturl> ↩ <longurl><![CDATA[https://view.inews.qq.com/w/WXN20190119005764010?refer=nwx&bat_id=1118025325&cur_pos=2&openid=o04IBAHv91w1VdwqEV_Q00vhY1Ug&groupid=1547991014&msgid=2]]></longurl> ↩ <pub_time>1547991014</pub_time> ↩ <cover><![CDATA[https://inews.gtimg.com/newsapp_ls/0/7359075502_8080/0]]></cover> ↩ <tweetid>1802787443</tweetid> ↩ <digest><![CDATA[快下载腾讯视频app吧！]]></digest> ↩ <sources> ↩ <source> ↩ <name><![CDATA[腾讯新闻]]></name> ↩ </source> ↩ </sources> ↩ </newitem> ↩ <newitem> ↩ <title><![CDATA[保安小哥和路人即兴弹唱《童年》，网友齐呼：高手在民间]]></title> ↩ <url><![CDATA[https://view.inews.qq.com/w/WXN20190119005650010?refer=nwx&bat_id=1118025325&cur_pos=3&openid=o04IBAHv91w1VdwqEV_Q00vhY1Ug&groupid=1547991014&msgid=3]]></url> ↩ <shorturl><![CDATA[https://view.inews.qq.com/w/WXN20190119005650010?refer=nwx&bat_id=1118025325]]></shorturl> ↩ <longurl><![CDATA[https://view.inews.qq.com/w/WXN20190119005650010?refer=nwx&bat_id=1118025325&cur_pos=3&openid=o04IBAHv91w1VdwqEV_Q00vhY1Ug&groupid=1547991014&msgid=3]]></longurl> ↩ <pub_time>1547991014</pub_time> ↩ <cover><![CDATA[https://inews.gtimg.com/newsapp_ls/0/7358387255_8080/0]]></cover> ↩ <tweetid>1802787444</tweetid> ↩ <digest><![CDATA[快下载微视app吧！]]></digest> ↩ <sources> ↩ <source> ↩ <name><![CDATA[腾讯新闻]]></name> ↩ </source> ↩ </sources> ↩ </newitem> ↩ </category></mmreader> (Text)
2019-01-20 21:53:26,649 - F:/git/PycharmProjects/python-learning/venv/Include/wxpy/wx-bot.py[line:114] - INFO: ----微信机器人启动成功----
2019-01-20 21:53:26,653 - F:/git/PycharmProjects/python-learning/venv/Include/wxpy/wx-bot.py[line:115] - INFO: ***开始启动定时任务***
2019-01-20 21:53:26,705 - F:/git/PycharmProjects/python-learning/venv/Include/wxpy/wx-bot.py[line:27] - INFO: 回复消息:下一个话题吧
2019-01-20 21:56:55,706 - F:/git/PycharmProjects/python-learning/venv/Include/wxpy/wx-bot.py[line:113] - INFO: ----微信机器人启动成功----
2019-01-20 21:56:55,713 - F:/git/PycharmProjects/python-learning/venv/Include/wxpy/wx-bot.py[line:114] - INFO: ***开始启动定时任务***
2019-01-20 21:57:02,832 - F:/git/PycharmProjects/python-learning/venv/Include/wxpy/wx-bot.py[line:19] - INFO: 静心红叶 : (Picture)
2019-01-20 21:57:03,990 - F:/git/PycharmProjects/python-learning/venv/Include/wxpy/wx-bot.py[line:19] - INFO: 静心红叶 : (Picture)
2019-01-20 21:57:29,576 - F:/git/PycharmProjects/python-learning/venv/Include/wxpy/wx-bot.py[line:19] - INFO: None : 请问你需要咨询什么？ ↩   ↩ <a href="weixin://feedback/next/%7B%22content%22%3A%20%22/%3Abreak%22%2C%20%22source%22%3A%20%227922d9ba6d361b2319110e8fd453096e%22%2C%20%22type%22%3A%201%7D">查看相关问题</a> (Text)
2019-01-20 21:57:29,636 - F:/git/PycharmProjects/python-learning/venv/Include/wxpy/wx-bot.py[line:24] - INFO: 回复消息:这话我接不了呢
2019-01-20 21:57:30,454 - F:/git/PycharmProjects/python-learning/venv/Include/wxpy/wx-bot.py[line:19] - INFO: None : 可能由于网络不稳定导致，建议更换其他网络或使用Wi-Fi网络登录使用。若网络正常，请重启下手机重新登录微信帐号再试，若无法解决，请登录weixin.qq.com重新下载覆盖安装使用。 ↩   ↩ <a href="weixin://feedback/next/%7B%22content%22%3A%20%22%5Cu8fd9%5Cu8bdd%5Cu6211%5Cu63a5%5Cu4e0d%5Cu4e86%5Cu5462%22%2C%20%22source%22%3A%20%2273ca81cb9cf7a232000e2b094fd89b89%22%2C%20%22type%22%3A%201%7D">查看相关问题</a> (Text)
2019-01-20 21:57:30,492 - F:/git/PycharmProjects/python-learning/venv/Include/wxpy/wx-bot.py[line:24] - INFO: 回复消息:换个话题吧
2019-01-20 21:57:30,894 - F:/git/PycharmProjects/python-learning/venv/Include/wxpy/wx-bot.py[line:19] - INFO: None : 非常抱歉，没有理解你的意思，请简单描述问题。 ↩   ↩ <a href="weixin://feedback/next/%7B%22content%22%3A%20%22%5Cu6362%5Cu4e2a%5Cu8bdd%5Cu9898%5Cu5427%22%2C%20%22source%22%3A%20%2286162186fcb098f27174534c35057d72%22%2C%20%22type%22%3A%201%7D">查看相关问题</a> (Text)
2019-01-20 21:57:30,927 - F:/git/PycharmProjects/python-learning/venv/Include/wxpy/wx-bot.py[line:24] - INFO: 回复消息:无言以对呢
2019-01-20 21:57:31,307 - F:/git/PycharmProjects/python-learning/venv/Include/wxpy/wx-bot.py[line:19] - INFO: None : 遇到难以解决的问题，请<a href="weixin://dl/help" >轻按此处</a>反馈给我们，我们会第一时间处理。 ↩   ↩ <a href="weixin://feedback/next/%7B%22content%22%3A%20%22%5Cu65e0%5Cu8a00%5Cu4ee5%5Cu5bf9%5Cu5462%22%2C%20%22source%22%3A%20%22f60c99c00d23446214e0454589843b5b%22%2C%20%22type%22%3A%201%7D">查看相关问题</a> (Text)
2019-01-20 21:57:31,342 - F:/git/PycharmProjects/python-learning/venv/Include/wxpy/wx-bot.py[line:24] - INFO: 回复消息:这话我接不了呢
2019-01-20 21:57:32,166 - F:/git/PycharmProjects/python-learning/venv/Include/wxpy/wx-bot.py[line:19] - INFO: None : 遇到难以解决问题，请<a href="weixin://dl/help" >轻触此处</a>反馈给我们。 ↩   ↩ <a href="weixin://feedback/next/%7B%22content%22%3A%20%22%5Cu8fd9%5Cu8bdd%5Cu6211%5Cu63a5%5Cu4e0d%5Cu4e86%5Cu5462%22%2C%20%22source%22%3A%20%2273ca81cb9cf7a232000e2b094fd89b89%22%2C%20%22type%22%3A%201%7D">查看相关问题</a> (Text)
2019-01-20 21:57:32,209 - F:/git/PycharmProjects/python-learning/venv/Include/wxpy/wx-bot.py[line:24] - INFO: 回复消息:无言以对呢
2019-01-20 21:57:32,641 - F:/git/PycharmProjects/python-learning/venv/Include/wxpy/wx-bot.py[line:19] - INFO: None : 遇到难以解决的问题，请<a href="weixin://dl/help" >轻按此处</a>反馈给我们，我们会第一时间处理。 ↩   ↩ <a href="weixin://feedback/next/%7B%22content%22%3A%20%22%5Cu65e0%5Cu8a00%5Cu4ee5%5Cu5bf9%5Cu5462%22%2C%20%22source%22%3A%20%22f60c99c00d23446214e0454589843b5b%22%2C%20%22type%22%3A%201%7D">查看相关问题</a> (Text)
2019-01-20 21:57:32,680 - F:/git/PycharmProjects/python-learning/venv/Include/wxpy/wx-bot.py[line:24] - INFO: 回复消息:这话我接不了呢
2019-01-20 21:57:33,499 - F:/git/PycharmProjects/python-learning/venv/Include/wxpy/wx-bot.py[line:19] - INFO: None : 遇到难以解决问题，请<a href="weixin://dl/help" >轻触此处</a>反馈给我们。 ↩   ↩ <a href="weixin://feedback/next/%7B%22content%22%3A%20%22%5Cu8fd9%5Cu8bdd%5Cu6211%5Cu63a5%5Cu4e0d%5Cu4e86%5Cu5462%22%2C%20%22source%22%3A%20%2273ca81cb9cf7a232000e2b094fd89b89%22%2C%20%22type%22%3A%201%7D">查看相关问题</a> (Text)
2019-01-20 21:57:33,532 - F:/git/PycharmProjects/python-learning/venv/Include/wxpy/wx-bot.py[line:24] - INFO: 回复消息:这话我接不了呢
2019-01-20 21:57:34,358 - F:/git/PycharmProjects/python-learning/venv/Include/wxpy/wx-bot.py[line:19] - INFO: None : 可能由于网络不稳定导致，建议更换其他网络或使用Wi-Fi网络登录使用。若网络正常，请重启下手机重新登录微信帐号再试，若无法解决，请登录weixin.qq.com重新下载覆盖安装使用。 ↩   ↩ <a href="weixin://feedback/next/%7B%22content%22%3A%20%22%5Cu8fd9%5Cu8bdd%5Cu6211%5Cu63a5%5Cu4e0d%5Cu4e86%5Cu5462%22%2C%20%22source%22%3A%20%2273ca81cb9cf7a232000e2b094fd89b89%22%2C%20%22type%22%3A%201%7D">查看相关问题</a> (Text)
2019-01-20 21:57:34,401 - F:/git/PycharmProjects/python-learning/venv/Include/wxpy/wx-bot.py[line:24] - INFO: 回复消息:无言以对呢
2019-01-20 21:57:34,825 - F:/git/PycharmProjects/python-learning/venv/Include/wxpy/wx-bot.py[line:19] - INFO: None : 遇到难以解决的问题，请<a href="weixin://dl/help" >轻按此处</a>反馈给我们，我们会第一时间处理。 ↩   ↩ <a href="weixin://feedback/next/%7B%22content%22%3A%20%22%5Cu65e0%5Cu8a00%5Cu4ee5%5Cu5bf9%5Cu5462%22%2C%20%22source%22%3A%20%22f60c99c00d23446214e0454589843b5b%22%2C%20%22type%22%3A%201%7D">查看相关问题</a> (Text)
2019-01-20 21:57:34,861 - F:/git/PycharmProjects/python-learning/venv/Include/wxpy/wx-bot.py[line:24] - INFO: 回复消息:下一个话题吧
2019-01-20 21:57:35,325 - F:/git/PycharmProjects/python-learning/venv/Include/wxpy/wx-bot.py[line:19] - INFO: None : 非常抱歉，没有理解你的意思，遇到难以解决问题，请你直接向我们反馈。 ↩   ↩ <a href="weixin://feedback/next/%7B%22content%22%3A%20%22%5Cu4e0b%5Cu4e00%5Cu4e2a%5Cu8bdd%5Cu9898%5Cu5427%22%2C%20%22source%22%3A%20%2286162186fcb098f27174534c35057d72%22%2C%20%22type%22%3A%201%7D">查看相关问题</a> (Text)
2019-01-20 21:57:35,372 - F:/git/PycharmProjects/python-learning/venv/Include/wxpy/wx-bot.py[line:24] - INFO: 回复消息:下一个话题吧
2019-01-20 21:57:35,817 - F:/git/PycharmProjects/python-learning/venv/Include/wxpy/wx-bot.py[line:19] - INFO: None : 非常抱歉，没有理解你的意思，若有问题请<a href="weixin://dl/help" >轻按此处</a>反馈给我们，我们会第一时间处理。 ↩   ↩ <a href="weixin://feedback/next/%7B%22content%22%3A%20%22%5Cu4e0b%5Cu4e00%5Cu4e2a%5Cu8bdd%5Cu9898%5Cu5427%22%2C%20%22source%22%3A%20%2286162186fcb098f27174534c35057d72%22%2C%20%22type%22%3A%201%7D">查看相关问题</a> (Text)
2019-01-20 21:57:35,854 - F:/git/PycharmProjects/python-learning/venv/Include/wxpy/wx-bot.py[line:24] - INFO: 回复消息:换个话题吧
2019-01-20 21:57:36,301 - F:/git/PycharmProjects/python-learning/venv/Include/wxpy/wx-bot.py[line:19] - INFO: None : 遇到难以解决的问题，请<a href="weixin://dl/help" >轻按此处</a>反馈给我们，我们会第一时间处理。 ↩   ↩ <a href="weixin://feedback/next/%7B%22content%22%3A%20%22%5Cu6362%5Cu4e2a%5Cu8bdd%5Cu9898%5Cu5427%22%2C%20%22source%22%3A%20%22bbeb559eac214287bd425d9ec4abf57c%22%2C%20%22type%22%3A%201%7D">查看相关问题</a> (Text)
2019-01-20 21:57:36,333 - F:/git/PycharmProjects/python-learning/venv/Include/wxpy/wx-bot.py[line:24] - INFO: 回复消息:聊点别的吧
2019-01-20 21:57:36,801 - F:/git/PycharmProjects/python-learning/venv/Include/wxpy/wx-bot.py[line:19] - INFO: None : 请问您还需要咨询什么？ ↩   ↩ <a href="weixin://feedback/next/%7B%22content%22%3A%20%22%5Cu804a%5Cu70b9%5Cu522b%5Cu7684%5Cu5427%22%2C%20%22source%22%3A%20%22da75cd652254fce37e953d7f261f132d%22%2C%20%22type%22%3A%201%7D">查看相关问题</a> (Text)
2019-01-20 21:57:36,841 - F:/git/PycharmProjects/python-learning/venv/Include/wxpy/wx-bot.py[line:24] - INFO: 回复消息:下一个话题吧
2019-01-20 21:57:37,344 - F:/git/PycharmProjects/python-learning/venv/Include/wxpy/wx-bot.py[line:19] - INFO: None : 非常抱歉，没有理解你的意思，遇到难以解决问题，请你直接向我们反馈。 ↩   ↩ <a href="weixin://feedback/next/%7B%22content%22%3A%20%22%5Cu4e0b%5Cu4e00%5Cu4e2a%5Cu8bdd%5Cu9898%5Cu5427%22%2C%20%22source%22%3A%20%2286162186fcb098f27174534c35057d72%22%2C%20%22type%22%3A%201%7D">查看相关问题</a> (Text)
2019-01-20 21:57:37,382 - F:/git/PycharmProjects/python-learning/venv/Include/wxpy/wx-bot.py[line:24] - INFO: 回复消息:聊点别的吧
2019-01-20 21:57:37,819 - F:/git/PycharmProjects/python-learning/venv/Include/wxpy/wx-bot.py[line:19] - INFO: None : 请问您还需要咨询什么？ ↩   ↩ <a href="weixin://feedback/next/%7B%22content%22%3A%20%22%5Cu804a%5Cu70b9%5Cu522b%5Cu7684%5Cu5427%22%2C%20%22source%22%3A%20%22da75cd652254fce37e953d7f261f132d%22%2C%20%22type%22%3A%201%7D">查看相关问题</a> (Text)
2019-01-20 21:57:37,852 - F:/git/PycharmProjects/python-learning/venv/Include/wxpy/wx-bot.py[line:24] - INFO: 回复消息:换个话题吧
2019-01-20 21:57:38,284 - F:/git/PycharmProjects/python-learning/venv/Include/wxpy/wx-bot.py[line:19] - INFO: None : 遇到难以解决的问题，请<a href="weixin://dl/help" >轻按此处</a>反馈给我们，我们会第一时间处理。 ↩   ↩ <a href="weixin://feedback/next/%7B%22content%22%3A%20%22%5Cu6362%5Cu4e2a%5Cu8bdd%5Cu9898%5Cu5427%22%2C%20%22source%22%3A%20%22bbeb559eac214287bd425d9ec4abf57c%22%2C%20%22type%22%3A%201%7D">查看相关问题</a> (Text)
2019-01-20 21:57:38,322 - F:/git/PycharmProjects/python-learning/venv/Include/wxpy/wx-bot.py[line:24] - INFO: 回复消息:这话我接不了呢
2019-01-20 21:57:39,124 - F:/git/PycharmProjects/python-learning/venv/Include/wxpy/wx-bot.py[line:19] - INFO: None : 可能由于网络不稳定导致，建议更换其他网络或使用Wi-Fi网络登录使用。若网络正常，请重启下手机重新登录微信帐号再试，若无法解决，请登录weixin.qq.com重新下载覆盖安装使用。 ↩   ↩ <a href="weixin://feedback/next/%7B%22content%22%3A%20%22%5Cu8fd9%5Cu8bdd%5Cu6211%5Cu63a5%5Cu4e0d%5Cu4e86%5Cu5462%22%2C%20%22source%22%3A%20%2273ca81cb9cf7a232000e2b094fd89b89%22%2C%20%22type%22%3A%201%7D">查看相关问题</a> (Text)
2019-01-20 21:57:39,157 - F:/git/PycharmProjects/python-learning/venv/Include/wxpy/wx-bot.py[line:24] - INFO: 回复消息:这话我接不了呢
2019-01-20 21:57:39,970 - F:/git/PycharmProjects/python-learning/venv/Include/wxpy/wx-bot.py[line:19] - INFO: None : 遇到难以解决问题，请<a href="weixin://dl/help" >轻触此处</a>反馈给我们。 ↩   ↩ <a href="weixin://feedback/next/%7B%22content%22%3A%20%22%5Cu8fd9%5Cu8bdd%5Cu6211%5Cu63a5%5Cu4e0d%5Cu4e86%5Cu5462%22%2C%20%22source%22%3A%20%2273ca81cb9cf7a232000e2b094fd89b89%22%2C%20%22type%22%3A%201%7D">查看相关问题</a> (Text)
2019-01-20 21:57:40,009 - F:/git/PycharmProjects/python-learning/venv/Include/wxpy/wx-bot.py[line:24] - INFO: 回复消息:换个话题吧
2019-01-20 21:57:40,450 - F:/git/PycharmProjects/python-learning/venv/Include/wxpy/wx-bot.py[line:19] - INFO: None : 遇到难以解决的问题，请<a href="weixin://dl/help" >轻按此处</a>反馈给我们，我们会第一时间处理。 ↩   ↩ <a href="weixin://feedback/next/%7B%22content%22%3A%20%22%5Cu6362%5Cu4e2a%5Cu8bdd%5Cu9898%5Cu5427%22%2C%20%22source%22%3A%20%22bbeb559eac214287bd425d9ec4abf57c%22%2C%20%22type%22%3A%201%7D">查看相关问题</a> (Text)
2019-01-20 21:57:40,491 - F:/git/PycharmProjects/python-learning/venv/Include/wxpy/wx-bot.py[line:24] - INFO: 回复消息:聊点别的吧
2019-01-20 21:57:40,978 - F:/git/PycharmProjects/python-learning/venv/Include/wxpy/wx-bot.py[line:19] - INFO: None : 请问您还需要咨询什么？ ↩   ↩ <a href="weixin://feedback/next/%7B%22content%22%3A%20%22%5Cu804a%5Cu70b9%5Cu522b%5Cu7684%5Cu5427%22%2C%20%22source%22%3A%20%22da75cd652254fce37e953d7f261f132d%22%2C%20%22type%22%3A%201%7D">查看相关问题</a> (Text)
2019-01-20 21:57:41,014 - F:/git/PycharmProjects/python-learning/venv/Include/wxpy/wx-bot.py[line:24] - INFO: 回复消息:无言以对呢
2019-01-20 21:57:41,422 - F:/git/PycharmProjects/python-learning/venv/Include/wxpy/wx-bot.py[line:19] - INFO: None : 遇到难以解决的问题，请<a href="weixin://dl/help" >轻按此处</a>反馈给我们，我们会第一时间处理。 ↩   ↩ <a href="weixin://feedback/next/%7B%22content%22%3A%20%22%5Cu65e0%5Cu8a00%5Cu4ee5%5Cu5bf9%5Cu5462%22%2C%20%22source%22%3A%20%22f60c99c00d23446214e0454589843b5b%22%2C%20%22type%22%3A%201%7D">查看相关问题</a> (Text)
2019-01-20 21:57:41,462 - F:/git/PycharmProjects/python-learning/venv/Include/wxpy/wx-bot.py[line:24] - INFO: 回复消息:这话我接不了呢
2019-01-20 21:57:42,273 - F:/git/PycharmProjects/python-learning/venv/Include/wxpy/wx-bot.py[line:19] - INFO: None : 遇到难以解决问题，请<a href="weixin://dl/help" >轻触此处</a>反馈给我们。 ↩   ↩ <a href="weixin://feedback/next/%7B%22content%22%3A%20%22%5Cu8fd9%5Cu8bdd%5Cu6211%5Cu63a5%5Cu4e0d%5Cu4e86%5Cu5462%22%2C%20%22source%22%3A%20%2273ca81cb9cf7a232000e2b094fd89b89%22%2C%20%22type%22%3A%201%7D">查看相关问题</a> (Text)
2019-01-20 21:57:42,306 - F:/git/PycharmProjects/python-learning/venv/Include/wxpy/wx-bot.py[line:24] - INFO: 回复消息:下一个话题吧
2019-01-20 21:57:42,794 - F:/git/PycharmProjects/python-learning/venv/Include/wxpy/wx-bot.py[line:19] - INFO: None : 非常抱歉，没有理解你的意思，遇到难以解决问题，请你直接向我们反馈。 ↩   ↩ <a href="weixin://feedback/next/%7B%22content%22%3A%20%22%5Cu4e0b%5Cu4e00%5Cu4e2a%5Cu8bdd%5Cu9898%5Cu5427%22%2C%20%22source%22%3A%20%2286162186fcb098f27174534c35057d72%22%2C%20%22type%22%3A%201%7D">查看相关问题</a> (Text)
2019-01-20 21:57:42,838 - F:/git/PycharmProjects/python-learning/venv/Include/wxpy/wx-bot.py[line:24] - INFO: 回复消息:这话我接不了呢
2019-01-20 21:57:43,623 - F:/git/PycharmProjects/python-learning/venv/Include/wxpy/wx-bot.py[line:19] - INFO: None : 可能由于网络不稳定导致，建议更换其他网络或使用Wi-Fi网络登录使用。若网络正常，请重启下手机重新登录微信帐号再试，若无法解决，请登录weixin.qq.com重新下载覆盖安装使用。 ↩   ↩ <a href="weixin://feedback/next/%7B%22content%22%3A%20%22%5Cu8fd9%5Cu8bdd%5Cu6211%5Cu63a5%5Cu4e0d%5Cu4e86%5Cu5462%22%2C%20%22source%22%3A%20%2273ca81cb9cf7a232000e2b094fd89b89%22%2C%20%22type%22%3A%201%7D">查看相关问题</a> (Text)
2019-01-20 21:57:43,652 - F:/git/PycharmProjects/python-learning/venv/Include/wxpy/wx-bot.py[line:24] - INFO: 回复消息:换个话题吧
2019-01-20 21:57:44,086 - F:/git/PycharmProjects/python-learning/venv/Include/wxpy/wx-bot.py[line:19] - INFO: None : 遇到难以解决的问题，请<a href="weixin://dl/help" >轻按此处</a>反馈给我们，我们会第一时间处理。 ↩   ↩ <a href="weixin://feedback/next/%7B%22content%22%3A%20%22%5Cu6362%5Cu4e2a%5Cu8bdd%5Cu9898%5Cu5427%22%2C%20%22source%22%3A%20%22bbeb559eac214287bd425d9ec4abf57c%22%2C%20%22type%22%3A%201%7D">查看相关问题</a> (Text)
2019-01-20 21:57:44,131 - F:/git/PycharmProjects/python-learning/venv/Include/wxpy/wx-bot.py[line:24] - INFO: 回复消息:这话我接不了呢
2019-01-20 21:57:44,948 - F:/git/PycharmProjects/python-learning/venv/Include/wxpy/wx-bot.py[line:19] - INFO: None : 遇到难以解决问题，请<a href="weixin://dl/help" >轻触此处</a>反馈给我们。 ↩   ↩ <a href="weixin://feedback/next/%7B%22content%22%3A%20%22%5Cu8fd9%5Cu8bdd%5Cu6211%5Cu63a5%5Cu4e0d%5Cu4e86%5Cu5462%22%2C%20%22source%22%3A%20%2273ca81cb9cf7a232000e2b094fd89b89%22%2C%20%22type%22%3A%201%7D">查看相关问题</a> (Text)
2019-01-20 21:57:44,990 - F:/git/PycharmProjects/python-learning/venv/Include/wxpy/wx-bot.py[line:24] - INFO: 回复消息:换个话题吧
2019-01-20 21:57:45,454 - F:/git/PycharmProjects/python-learning/venv/Include/wxpy/wx-bot.py[line:19] - INFO: None : 遇到难以解决的问题，请<a href="weixin://dl/help" >轻按此处</a>反馈给我们，我们会第一时间处理。 ↩   ↩ <a href="weixin://feedback/next/%7B%22content%22%3A%20%22%5Cu6362%5Cu4e2a%5Cu8bdd%5Cu9898%5Cu5427%22%2C%20%22source%22%3A%20%22bbeb559eac214287bd425d9ec4abf57c%22%2C%20%22type%22%3A%201%7D">查看相关问题</a> (Text)
2019-01-20 21:57:45,501 - F:/git/PycharmProjects/python-learning/venv/Include/wxpy/wx-bot.py[line:24] - INFO: 回复消息:聊点别的吧
2019-01-20 21:57:45,964 - F:/git/PycharmProjects/python-learning/venv/Include/wxpy/wx-bot.py[line:19] - INFO: None : 请问您还需要咨询什么？ ↩   ↩ <a href="weixin://feedback/next/%7B%22content%22%3A%20%22%5Cu804a%5Cu70b9%5Cu522b%5Cu7684%5Cu5427%22%2C%20%22source%22%3A%20%22da75cd652254fce37e953d7f261f132d%22%2C%20%22type%22%3A%201%7D">查看相关问题</a> (Text)
2019-01-20 21:57:45,999 - F:/git/PycharmProjects/python-learning/venv/Include/wxpy/wx-bot.py[line:24] - INFO: 回复消息:下一个话题吧
2019-01-20 21:57:46,628 - F:/git/PycharmProjects/python-learning/venv/Include/wxpy/wx-bot.py[line:19] - INFO: None : 非常抱歉，没有理解你的意思，若有问题请<a href="weixin://dl/help" >轻按此处</a>反馈给我们，我们会第一时间处理。 ↩   ↩ <a href="weixin://feedback/next/%7B%22content%22%3A%20%22%5Cu4e0b%5Cu4e00%5Cu4e2a%5Cu8bdd%5Cu9898%5Cu5427%22%2C%20%22source%22%3A%20%2286162186fcb098f27174534c35057d72%22%2C%20%22type%22%3A%201%7D">查看相关问题</a> (Text)
2019-01-20 21:57:46,662 - F:/git/PycharmProjects/python-learning/venv/Include/wxpy/wx-bot.py[line:24] - INFO: 回复消息:下一个话题吧
2019-01-20 21:57:47,180 - F:/git/PycharmProjects/python-learning/venv/Include/wxpy/wx-bot.py[line:19] - INFO: None : 没有相关内容，请问你需要咨询什么？ ↩   ↩ <a href="weixin://feedback/next/%7B%22content%22%3A%20%22%5Cu4e0b%5Cu4e00%5Cu4e2a%5Cu8bdd%5Cu9898%5Cu5427%22%2C%20%22source%22%3A%20%22387a53fb8b99ce896146051485c3000e%22%2C%20%22type%22%3A%201%7D">查看相关问题</a> (Text)
2019-01-20 21:57:47,225 - F:/git/PycharmProjects/python-learning/venv/Include/wxpy/wx-bot.py[line:24] - INFO: 回复消息:下一个话题吧
2019-01-20 21:57:47,708 - F:/git/PycharmProjects/python-learning/venv/Include/wxpy/wx-bot.py[line:19] - INFO: None : 非常抱歉，没有理解你的意思，若有问题请<a href="weixin://dl/help" >轻按此处</a>反馈给我们，我们会第一时间处理。 ↩   ↩ <a href="weixin://feedback/next/%7B%22content%22%3A%20%22%5Cu4e0b%5Cu4e00%5Cu4e2a%5Cu8bdd%5Cu9898%5Cu5427%22%2C%20%22source%22%3A%20%22387a53fb8b99ce896146051485c3000e%22%2C%20%22type%22%3A%201%7D">查看相关问题</a> (Text)
2019-01-20 21:57:47,742 - F:/git/PycharmProjects/python-learning/venv/Include/wxpy/wx-bot.py[line:24] - INFO: 回复消息:换个话题吧
2019-01-20 21:57:48,157 - F:/git/PycharmProjects/python-learning/venv/Include/wxpy/wx-bot.py[line:19] - INFO: None : 遇到难以解决的问题，请<a href="weixin://dl/help" >轻按此处</a>反馈给我们，我们会第一时间处理。 ↩   ↩ <a href="weixin://feedback/next/%7B%22content%22%3A%20%22%5Cu6362%5Cu4e2a%5Cu8bdd%5Cu9898%5Cu5427%22%2C%20%22source%22%3A%20%22bbeb559eac214287bd425d9ec4abf57c%22%2C%20%22type%22%3A%201%7D">查看相关问题</a> (Text)
2019-01-20 21:57:48,197 - F:/git/PycharmProjects/python-learning/venv/Include/wxpy/wx-bot.py[line:24] - INFO: 回复消息:下一个话题吧
2019-01-20 21:57:48,646 - F:/git/PycharmProjects/python-learning/venv/Include/wxpy/wx-bot.py[line:19] - INFO: None : 非常抱歉，没有理解你的意思，若有问题请<a href="weixin://dl/help" >轻按此处</a>反馈给我们，我们会第一时间处理。 ↩   ↩ <a href="weixin://feedback/next/%7B%22content%22%3A%20%22%5Cu4e0b%5Cu4e00%5Cu4e2a%5Cu8bdd%5Cu9898%5Cu5427%22%2C%20%22source%22%3A%20%22387a53fb8b99ce896146051485c3000e%22%2C%20%22type%22%3A%201%7D">查看相关问题</a> (Text)
2019-01-20 21:57:48,682 - F:/git/PycharmProjects/python-learning/venv/Include/wxpy/wx-bot.py[line:24] - INFO: 回复消息:这话我接不了呢
2019-01-20 21:57:49,477 - F:/git/PycharmProjects/python-learning/venv/Include/wxpy/wx-bot.py[line:19] - INFO: None : 可能由于网络不稳定导致，建议更换其他网络或使用Wi-Fi网络登录使用。若网络正常，请重启下手机重新登录微信帐号再试，若无法解决，请登录weixin.qq.com重新下载覆盖安装使用。 ↩   ↩ <a href="weixin://feedback/next/%7B%22content%22%3A%20%22%5Cu8fd9%5Cu8bdd%5Cu6211%5Cu63a5%5Cu4e0d%5Cu4e86%5Cu5462%22%2C%20%22source%22%3A%20%2273ca81cb9cf7a232000e2b094fd89b89%22%2C%20%22type%22%3A%201%7D">查看相关问题</a> (Text)
2019-01-20 21:57:49,518 - F:/git/PycharmProjects/python-learning/venv/Include/wxpy/wx-bot.py[line:24] - INFO: 回复消息:聊点别的吧
2019-01-20 21:57:49,989 - F:/git/PycharmProjects/python-learning/venv/Include/wxpy/wx-bot.py[line:19] - INFO: None : 请问您还需要咨询什么？ ↩   ↩ <a href="weixin://feedback/next/%7B%22content%22%3A%20%22%5Cu804a%5Cu70b9%5Cu522b%5Cu7684%5Cu5427%22%2C%20%22source%22%3A%20%22da75cd652254fce37e953d7f261f132d%22%2C%20%22type%22%3A%201%7D">查看相关问题</a> (Text)
2019-01-20 21:57:50,024 - F:/git/PycharmProjects/python-learning/venv/Include/wxpy/wx-bot.py[line:24] - INFO: 回复消息:这话我接不了呢
2019-01-20 21:57:50,811 - F:/git/PycharmProjects/python-learning/venv/Include/wxpy/wx-bot.py[line:19] - INFO: None : 可能由于网络不稳定导致，建议更换其他网络或使用Wi-Fi网络登录使用。若网络正常，请重启下手机重新登录微信帐号再试，若无法解决，请登录weixin.qq.com重新下载覆盖安装使用。 ↩   ↩ <a href="weixin://feedback/next/%7B%22content%22%3A%20%22%5Cu8fd9%5Cu8bdd%5Cu6211%5Cu63a5%5Cu4e0d%5Cu4e86%5Cu5462%22%2C%20%22source%22%3A%20%2273ca81cb9cf7a232000e2b094fd89b89%22%2C%20%22type%22%3A%201%7D">查看相关问题</a> (Text)
2019-01-20 21:57:50,848 - F:/git/PycharmProjects/python-learning/venv/Include/wxpy/wx-bot.py[line:24] - INFO: 回复消息:这话我接不了呢
2019-01-20 21:57:51,657 - F:/git/PycharmProjects/python-learning/venv/Include/wxpy/wx-bot.py[line:19] - INFO: None : 遇到难以解决问题，请<a href="weixin://dl/help" >轻触此处</a>反馈给我们。 ↩   ↩ <a href="weixin://feedback/next/%7B%22content%22%3A%20%22%5Cu8fd9%5Cu8bdd%5Cu6211%5Cu63a5%5Cu4e0d%5Cu4e86%5Cu5462%22%2C%20%22source%22%3A%20%2273ca81cb9cf7a232000e2b094fd89b89%22%2C%20%22type%22%3A%201%7D">查看相关问题</a> (Text)
2019-01-20 21:57:51,696 - F:/git/PycharmProjects/python-learning/venv/Include/wxpy/wx-bot.py[line:24] - INFO: 回复消息:聊点别的吧
2019-01-20 21:57:52,202 - F:/git/PycharmProjects/python-learning/venv/Include/wxpy/wx-bot.py[line:19] - INFO: None : 请问您还需要咨询什么？ ↩   ↩ <a href="weixin://feedback/next/%7B%22content%22%3A%20%22%5Cu804a%5Cu70b9%5Cu522b%5Cu7684%5Cu5427%22%2C%20%22source%22%3A%20%22da75cd652254fce37e953d7f261f132d%22%2C%20%22type%22%3A%201%7D">查看相关问题</a> (Text)
2019-01-20 21:57:52,245 - F:/git/PycharmProjects/python-learning/venv/Include/wxpy/wx-bot.py[line:24] - INFO: 回复消息:无言以对呢
2019-01-20 21:57:52,678 - F:/git/PycharmProjects/python-learning/venv/Include/wxpy/wx-bot.py[line:19] - INFO: None : 遇到难以解决的问题，请<a href="weixin://dl/help" >轻按此处</a>反馈给我们，我们会第一时间处理。 ↩   ↩ <a href="weixin://feedback/next/%7B%22content%22%3A%20%22%5Cu65e0%5Cu8a00%5Cu4ee5%5Cu5bf9%5Cu5462%22%2C%20%22source%22%3A%20%22f60c99c00d23446214e0454589843b5b%22%2C%20%22type%22%3A%201%7D">查看相关问题</a> (Text)
2019-01-20 21:57:52,722 - F:/git/PycharmProjects/python-learning/venv/Include/wxpy/wx-bot.py[line:24] - INFO: 回复消息:聊点别的吧
2019-01-20 21:57:53,215 - F:/git/PycharmProjects/python-learning/venv/Include/wxpy/wx-bot.py[line:19] - INFO: None : 请问您还需要咨询什么？ ↩   ↩ <a href="weixin://feedback/next/%7B%22content%22%3A%20%22%5Cu804a%5Cu70b9%5Cu522b%5Cu7684%5Cu5427%22%2C%20%22source%22%3A%20%22da75cd652254fce37e953d7f261f132d%22%2C%20%22type%22%3A%201%7D">查看相关问题</a> (Text)
2019-01-20 21:57:53,251 - F:/git/PycharmProjects/python-learning/venv/Include/wxpy/wx-bot.py[line:24] - INFO: 回复消息:这话我接不了呢
2019-01-20 21:57:54,073 - F:/git/PycharmProjects/python-learning/venv/Include/wxpy/wx-bot.py[line:19] - INFO: None : 可能由于网络不稳定导致，建议更换其他网络或使用Wi-Fi网络登录使用。若网络正常，请重启下手机重新登录微信帐号再试，若无法解决，请登录weixin.qq.com重新下载覆盖安装使用。 ↩   ↩ <a href="weixin://feedback/next/%7B%22content%22%3A%20%22%5Cu8fd9%5Cu8bdd%5Cu6211%5Cu63a5%5Cu4e0d%5Cu4e86%5Cu5462%22%2C%20%22source%22%3A%20%2273ca81cb9cf7a232000e2b094fd89b89%22%2C%20%22type%22%3A%201%7D">查看相关问题</a> (Text)
2019-01-20 21:57:54,113 - F:/git/PycharmProjects/python-learning/venv/Include/wxpy/wx-bot.py[line:24] - INFO: 回复消息:无言以对呢
2019-01-20 21:57:54,561 - F:/git/PycharmProjects/python-learning/venv/Include/wxpy/wx-bot.py[line:19] - INFO: None : 遇到难以解决的问题，请<a href="weixin://dl/help" >轻按此处</a>反馈给我们，我们会第一时间处理。 ↩   ↩ <a href="weixin://feedback/next/%7B%22content%22%3A%20%22%5Cu65e0%5Cu8a00%5Cu4ee5%5Cu5bf9%5Cu5462%22%2C%20%22source%22%3A%20%22f60c99c00d23446214e0454589843b5b%22%2C%20%22type%22%3A%201%7D">查看相关问题</a> (Text)
2019-01-20 21:57:54,598 - F:/git/PycharmProjects/python-learning/venv/Include/wxpy/wx-bot.py[line:24] - INFO: 回复消息:下一个话题吧
2019-01-20 21:57:55,074 - F:/git/PycharmProjects/python-learning/venv/Include/wxpy/wx-bot.py[line:19] - INFO: None : 非常抱歉，没有理解你的意思，若有问题请<a href="weixin://dl/help" >轻按此处</a>反馈给我们，我们会第一时间处理。 ↩   ↩ <a href="weixin://feedback/next/%7B%22content%22%3A%20%22%5Cu4e0b%5Cu4e00%5Cu4e2a%5Cu8bdd%5Cu9898%5Cu5427%22%2C%20%22source%22%3A%20%22387a53fb8b99ce896146051485c3000e%22%2C%20%22type%22%3A%201%7D">查看相关问题</a> (Text)
2019-01-20 21:57:55,113 - F:/git/PycharmProjects/python-learning/venv/Include/wxpy/wx-bot.py[line:24] - INFO: 回复消息:换个话题吧
2019-01-20 21:57:55,544 - F:/git/PycharmProjects/python-learning/venv/Include/wxpy/wx-bot.py[line:19] - INFO: None : 非常抱歉，没有理解你的意思，若有问题请<a href="weixin://dl/help" >轻按此处</a>反馈给我们，我们会第一时间处理。 ↩   ↩ <a href="weixin://feedback/next/%7B%22content%22%3A%20%22%5Cu6362%5Cu4e2a%5Cu8bdd%5Cu9898%5Cu5427%22%2C%20%22source%22%3A%20%2286162186fcb098f27174534c35057d72%22%2C%20%22type%22%3A%201%7D">查看相关问题</a> (Text)
2019-01-20 21:57:55,590 - F:/git/PycharmProjects/python-learning/venv/Include/wxpy/wx-bot.py[line:24] - INFO: 回复消息:聊点别的吧
2019-01-20 21:57:56,022 - F:/git/PycharmProjects/python-learning/venv/Include/wxpy/wx-bot.py[line:19] - INFO: None : 请问您还需要咨询什么？ ↩   ↩ <a href="weixin://feedback/next/%7B%22content%22%3A%20%22%5Cu804a%5Cu70b9%5Cu522b%5Cu7684%5Cu5427%22%2C%20%22source%22%3A%20%22da75cd652254fce37e953d7f261f132d%22%2C%20%22type%22%3A%201%7D">查看相关问题</a> (Text)
2019-01-20 21:57:56,056 - F:/git/PycharmProjects/python-learning/venv/Include/wxpy/wx-bot.py[line:24] - INFO: 回复消息:聊点别的吧
2019-01-20 21:57:56,521 - F:/git/PycharmProjects/python-learning/venv/Include/wxpy/wx-bot.py[line:19] - INFO: None : 请问您还需要咨询什么？ ↩   ↩ <a href="weixin://feedback/next/%7B%22content%22%3A%20%22%5Cu804a%5Cu70b9%5Cu522b%5Cu7684%5Cu5427%22%2C%20%22source%22%3A%20%22da75cd652254fce37e953d7f261f132d%22%2C%20%22type%22%3A%201%7D">查看相关问题</a> (Text)
2019-01-20 21:57:56,557 - F:/git/PycharmProjects/python-learning/venv/Include/wxpy/wx-bot.py[line:24] - INFO: 回复消息:下一个话题吧
2019-01-20 21:57:57,006 - F:/git/PycharmProjects/python-learning/venv/Include/wxpy/wx-bot.py[line:19] - INFO: None : 没有相关内容，请你咨询与微信相关问题。 ↩   ↩ <a href="weixin://feedback/next/%7B%22content%22%3A%20%22%5Cu4e0b%5Cu4e00%5Cu4e2a%5Cu8bdd%5Cu9898%5Cu5427%22%2C%20%22source%22%3A%20%22387a53fb8b99ce896146051485c3000e%22%2C%20%22type%22%3A%201%7D">查看相关问题</a> (Text)
2019-01-20 21:57:57,041 - F:/git/PycharmProjects/python-learning/venv/Include/wxpy/wx-bot.py[line:24] - INFO: 回复消息:这话我接不了呢
2019-01-20 21:57:57,874 - F:/git/PycharmProjects/python-learning/venv/Include/wxpy/wx-bot.py[line:19] - INFO: None : 可能由于网络不稳定导致，建议更换其他网络或使用Wi-Fi网络登录使用。若网络正常，请重启下手机重新登录微信帐号再试，若无法解决，请登录weixin.qq.com重新下载覆盖安装使用。 ↩   ↩ <a href="weixin://feedback/next/%7B%22content%22%3A%20%22%5Cu8fd9%5Cu8bdd%5Cu6211%5Cu63a5%5Cu4e0d%5Cu4e86%5Cu5462%22%2C%20%22source%22%3A%20%2273ca81cb9cf7a232000e2b094fd89b89%22%2C%20%22type%22%3A%201%7D">查看相关问题</a> (Text)
2019-01-20 21:57:57,919 - F:/git/PycharmProjects/python-learning/venv/Include/wxpy/wx-bot.py[line:24] - INFO: 回复消息:换个话题吧
2019-01-20 21:57:58,331 - F:/git/PycharmProjects/python-learning/venv/Include/wxpy/wx-bot.py[line:19] - INFO: None : 遇到难以解决的问题，请<a href="weixin://dl/help" >轻按此处</a>反馈给我们，我们会第一时间处理。 ↩   ↩ <a href="weixin://feedback/next/%7B%22content%22%3A%20%22%5Cu6362%5Cu4e2a%5Cu8bdd%5Cu9898%5Cu5427%22%2C%20%22source%22%3A%20%22bbeb559eac214287bd425d9ec4abf57c%22%2C%20%22type%22%3A%201%7D">查看相关问题</a> (Text)
2019-01-20 21:57:58,385 - F:/git/PycharmProjects/python-learning/venv/Include/wxpy/wx-bot.py[line:24] - INFO: 回复消息:无言以对呢
2019-01-20 22:00:53,116 - F:/git/PycharmProjects/python-learning/venv/Include/wxpy/wx-bot.py[line:112] - INFO: ----微信机器人启动成功----
2019-01-20 22:00:53,117 - F:/git/PycharmProjects/python-learning/venv/Include/wxpy/wx-bot.py[line:113] - INFO: ***开始启动定时任务***
2019-01-20 22:01:35,196 - F:/git/PycharmProjects/python-learning/venv/Include/wxpy/wx-bot.py[line:18] - INFO: 静心红叶 : (Picture)
2019-01-20 22:01:38,269 - F:/git/PycharmProjects/python-learning/venv/Include/wxpy/wx-bot.py[line:18] - INFO: 静心红叶 : (Picture)
2019-01-20 22:01:41,769 - F:/git/PycharmProjects/python-learning/venv/Include/wxpy/wx-bot.py[line:18] - INFO: 静心红叶 : (Picture)
2019-01-20 22:09:30,628 - F:/git/PycharmProjects/python-learning/venv/Include/wxpy/wx-bot.py[line:113] - INFO: ----微信机器人启动成功----
2019-01-20 22:09:30,628 - F:/git/PycharmProjects/python-learning/venv/Include/wxpy/wx-bot.py[line:114] - INFO: ***开始启动定时任务***
2019-01-20 22:09:31,233 - F:/git/PycharmProjects/python-learning/venv/Include/wxpy/wx-bot.py[line:18] - INFO: 静心红叶 : (Picture)
2019-01-20 22:09:32,643 - F:/git/PycharmProjects/python-learning/venv/Include/wxpy/wx-bot.py[line:18] - INFO: 静心红叶 : (Picture)
2019-01-20 22:09:32,839 - F:/git/PycharmProjects/python-learning/venv/Include/wxpy/wx-bot.py[line:18] - INFO: 静心红叶 : (Picture)
2019-01-20 22:09:33,091 - F:/git/PycharmProjects/python-learning/venv/Include/wxpy/wx-bot.py[line:18] - INFO: 静心红叶 : (Picture)
2019-01-20 22:09:33,341 - F:/git/PycharmProjects/python-learning/venv/Include/wxpy/wx-bot.py[line:18] - INFO: 静心红叶 : (Picture)
2019-01-20 22:18:42,937 - F:/git/PycharmProjects/python-learning/venv/Include/wxpy/wx-bot.py[line:47] - INFO: ----微信机器人启动成功----
2019-01-20 22:18:42,939 - F:/git/PycharmProjects/python-learning/venv/Include/wxpy/wx-bot.py[line:48] - INFO: ***开始启动定时任务***
2019-01-20 22:18:48,875 - F:/git/PycharmProjects/python-learning/venv/Include/wxpy/wx-bot.py[line:20] - INFO: 静心红叶 : (Picture)
2019-01-20 22:18:53,702 - F:/git/PycharmProjects/python-learning/venv/Include/wxpy/wx-bot.py[line:20] - INFO: 静心红叶 : (Picture)
2019-01-20 22:23:03,977 - F:/git/PycharmProjects/python-learning/venv/Include/wxpy/wx-bot.py[line:30] - INFO: ----今日推送内容:----
2019-01-20 22:23:03,977 - F:/git/PycharmProjects/python-learning/venv/Include/wxpy/wx-bot.py[line:31] - INFO: 【每日一句】You don't get to choose how you're going to die, or when. You can only decide how you're going to live now. [你不能选择怎样死或什么时候死，你只能决定现在怎样生活。]
2019-01-20 22:23:04,360 - F:/git/PycharmProjects/python-learning/venv/Include/wxpy/wx-bot.py[line:49] - INFO: ----微信机器人启动成功----
2019-01-20 22:23:04,360 - F:/git/PycharmProjects/python-learning/venv/Include/wxpy/wx-bot.py[line:50] - INFO: ***开始启动定时任务***
2019-01-20 22:30:12,877 - F:/git/PycharmProjects/python-learning/venv/Include/wxpy/wx-bot.py[line:31] - INFO: ----今日推送内容:----
2019-01-20 22:30:12,877 - F:/git/PycharmProjects/python-learning/venv/Include/wxpy/wx-bot.py[line:32] - INFO: 【每日一句】You don't get to choose how you're going to die, or when. You can only decide how you're going to live now. [你不能选择怎样死或什么时候死，你只能决定现在怎样生活。]
2019-01-20 22:31:00,915 - F:/git/PycharmProjects/python-learning/venv/Include/wxpy/wx-bot.py[line:31] - INFO: ----今日推送内容:----
2019-01-20 22:31:00,917 - F:/git/PycharmProjects/python-learning/venv/Include/wxpy/wx-bot.py[line:32] - INFO: 【每日一句】You don't get to choose how you're going to die, or when. You can only decide how you're going to live now. [你不能选择怎样死或什么时候死，你只能决定现在怎样生活。]
2019-01-20 22:31:46,317 - F:/git/PycharmProjects/python-learning/venv/Include/wxpy/wx-bot.py[line:31] - INFO: ----今日推送内容:----
2019-01-20 22:31:46,319 - F:/git/PycharmProjects/python-learning/venv/Include/wxpy/wx-bot.py[line:32] - INFO: 【每日一句】You don't get to choose how you're going to die, or when. You can only decide how you're going to live now. [你不能选择怎样死或什么时候死，你只能决定现在怎样生活。]
2019-01-20 22:33:26,490 - F:/git/PycharmProjects/python-learning/venv/Include/wxpy/wx-bot.py[line:31] - INFO: ----今日推送内容:----
2019-01-20 22:33:26,491 - F:/git/PycharmProjects/python-learning/venv/Include/wxpy/wx-bot.py[line:32] - INFO: 【每日一句】You don't get to choose how you're going to die, or when. You can only decide how you're going to live now. [你不能选择怎样死或什么时候死，你只能决定现在怎样生活。]
2019-01-20 22:33:27,249 - F:/git/PycharmProjects/python-learning/venv/Include/wxpy/wx-bot.py[line:47] - INFO: ----微信机器人启动成功----
2019-01-20 22:33:27,249 - F:/git/PycharmProjects/python-learning/venv/Include/wxpy/wx-bot.py[line:48] - INFO: ***开始启动定时任务***
